<?xml version="1.0" encoding="UTF-8"?>
<!-- Generated by org.testng.reporters.JUnitXMLReporter -->
<testsuite ignored="0" hostname="Saran" failures="0" tests="4" name="Surefire test" time="40.369" errors="0" timestamp="2025-07-09T16:22:02 IST">
  <testcase classname="tests.LoginTest" name="swaglabsLoginTest" time="7.28"/>
  <testcase classname="tests.ProductTest" name="productPageTest" time="5.399"/>
  <testcase classname="tests.CheckOutTest" name="checkOutTest" time="12.789"/>
  <testcase classname="tests.LogoutTest" name="logoutTest" time="3.932"/>
</testsuite> <!-- Surefire test -->
