<?xml version="1.0" encoding="UTF-8"?>
<!-- Generated by org.testng.reporters.JUnitXMLReporter -->
<testsuite ignored="4" hostname="Saran" failures="0" tests="6" name="Default test" time="32.851" errors="0" timestamp="2025-07-09T10:44:30 IST">
  <testcase classname="tests.LoginTest" name="swaglabsLoginTest" time="6.666"/>
  <testcase classname="tests.LoginTest" name="swaglabsLoginTest" time="0.102"/>
  <testcase classname="tests.ProductTest" name="productPageTest" time="5.585"/>
  <testcase classname="tests.CheckOutTest" name="checkOutTest" time="10.916"/>
  <testcase classname="tests.LoginTest" name="swaglabsLoginTest" time="0.088"/>
  <testcase classname="tests.ProductTest" name="productPageTest" time="0.131"/>
  <testcase classname="tests.LoginTest" name="@BeforeTest setup" time="0.0">
    <ignored/>
  </testcase> <!-- @BeforeTest setup -->
  <testcase classname="tests.LoginTest" name="@AfterTest tearDownAppium" time="0.0">
    <ignored/>
  </testcase> <!-- @AfterTest tearDownAppium -->
  <testcase classname="tests.LoginTest" name="@BeforeTest setup" time="0.0">
    <ignored/>
  </testcase> <!-- @BeforeTest setup -->
  <testcase classname="tests.LoginTest" name="@AfterTest tearDownAppium" time="0.0">
    <ignored/>
  </testcase> <!-- @AfterTest tearDownAppium -->
</testsuite> <!-- Default test -->
