<?xml version="1.0" encoding="UTF-8"?>
<testsuite xmlns:xsi="http://www.w3.org/2001/XMLSchema-instance" xsi:noNamespaceSchemaLocation="https://maven.apache.org/surefire/maven-surefire-plugin/xsd/surefire-test-report-3.0.xsd" version="3.0" name="TestSuite" time="41.641" tests="4" errors="0" skipped="0" failures="0">
  <properties>
[...]
</properties>
  <testcase name="swaglabsLoginTest" classname="tests.LoginTest" time="7.395">
    <system-out><![CDATA[🔁 Starting Appium Server
&amp#27;[38;5;112m[Appium]&amp#27;[0m Welcome to Appium v2.19.0 (REV 2486e4adbcba0a5c94e789bdd1144e1ef5e16603)
&amp#27;[38;5;112m[Appium]&amp#27;[0m Non-default server args:
&amp#27;[38;5;112m[Appium]&amp#27;[0m { address: &amp#27;[32m'127.0.0.1'&amp#27;[39m }
&amp#27;[38;5;112m[Appium]&amp#27;[0m The autodetected Appium home path: C:\Users\mvsar\.appium
&amp#27;[38;5;112m[Appium]&amp#27;[0m Attempting to load driver uiautomator2...
&amp#27;[38;5;112m[Appium]&amp#27;[0m Requiring driver at C:\Users\mvsar\.appium\node_modules\appium-uiautomator2-driver\build\index.js
&amp#27;[38;5;112m[Appium]&amp#27;[0m AndroidUiautomator2Driver has been successfully loaded in 2.244s
&amp#27;[38;5;112m[Appium]&amp#27;[0m Appium REST http interface listener started on http://127.0.0.1:4723
&amp#27;[38;5;112m[Appium]&amp#27;[0m Available drivers:
&amp#27;[38;5;112m[Appium]&amp#27;[0m   - uiautomator2@4.2.4 (automationName 'UiAutomator2')
&amp#27;[38;5;112m[Appium]&amp#27;[0m No plugins have been installed. Use the "appium plugin" command to install the one(s) you want to use.
✅ Appium session started
✅ Login test passed
]]></system-out>
    <system-err><![CDATA[SLF4J(W): No SLF4J providers were found.
SLF4J(W): Defaulting to no-operation (NOP) logger implementation
SLF4J(W): See https://www.slf4j.org/codes.html#noProviders for further details.
]]></system-err>
  </testcase>
  <testcase name="productPageTest" classname="tests.ProductTest" time="5.402">
    <system-out><![CDATA[✅ PRODUCTS screen is displayed
✅ Clicked 'ADD TO CART'
🛒 Opened Cart
✅ 'Sauce Labs Backpack' is in the cart
✅ Clicked 'CHECKOUT' button
]]></system-out>
  </testcase>
  <testcase name="checkOutTest" classname="tests.CheckOutTest" time="12.792">
    <system-out><![CDATA[✅ Entered First Name
✅ Entered Last Name
✅ Entered Postal Code
✅ Clicked 'CONTINUE' button
✅ Clicked on FINISH button after swiping.
✅ Clicked 'FINISH' button
✅ Checkout completed successfully
]]></system-out>
  </testcase>
  <testcase name="logoutTest" classname="tests.LogoutTest" time="3.934">
    <system-out><![CDATA[✅ Menu opened
✅ Logout option is visible
✅ Successfully logged out
]]></system-out>
  </testcase>
</testsuite>