<?xml version="1.0" encoding="UTF-8"?>
<!-- Generated by org.testng.reporters.JUnitXMLReporter -->
<testsuite ignored="0" hostname="Saran" failures="0" tests="4" name="E2E Test Flow" time="38.997" errors="0" timestamp="2025-07-09T14:13:54 IST">
  <testcase classname="tests.LoginTest" name="swaglabsLoginTest" time="6.567"/>
  <testcase classname="tests.ProductTest" name="productPageTest" time="5.924"/>
  <testcase classname="tests.CheckOutTest" name="checkOutTest" time="11.808"/>
  <testcase classname="tests.LogoutTest" name="logoutTest" time="3.234"/>
</testsuite> <!-- E2E Test Flow -->
