<?xml version="1.0" encoding="UTF-8"?>
<!-- Generated by org.testng.reporters.JUnitXMLReporter -->
<testsuite ignored="0" hostname="Saran" failures="0" tests="4" name="SwagLabs Tests" time="53.345" errors="0" timestamp="2025-07-09T15:59:22 IST">
  <testcase classname="tests.LoginTest" name="swaglabsLoginTest" time="8.673"/>
  <testcase classname="tests.ProductTest" name="productPageTest" time="7.083"/>
  <testcase classname="tests.CheckOutTest" name="checkOutTest" time="12.444"/>
  <testcase classname="tests.LogoutTest" name="logoutTest" time="3.526"/>
</testsuite> <!-- SwagLabs Tests -->
